<?xml version="1.0" encoding="UTF-8"?>
<testng-results ignored="0" total="1" passed="1" failed="0" skipped="0">
  <reporter-output>
    <line>
      <![CDATA[testA..${city}]]>
    </line>
  </reporter-output>
  <suite started-at="2024-01-05T13:30:27Z" name="Suite" finished-at="2024-01-05T13:30:27Z" duration-ms="26">
    <groups>
    </groups>
    <test started-at="2024-01-05T13:30:27Z" name="Test" finished-at="2024-01-05T13:30:27Z" duration-ms="26">
      <class name="day20.Demo1">
        <test-method signature="testA(java.lang.String)[pri:0, instance:day20.Demo1@65e98b1c]" started-at="2024-01-05T13:30:27Z" name="testA" finished-at="2024-01-05T13:30:27Z" duration-ms="7" status="PASS">
          <params>
            <param index="0">
              <value>
                <![CDATA[${city}]]>
              </value>
            </param>
          </params>
          <reporter-output>
            <line>
              <![CDATA[testA..${city}]]>
            </line>
          </reporter-output>
        </test-method> <!-- testA -->
      </class> <!-- day20.Demo1 -->
    </test> <!-- Test -->
  </suite> <!-- Suite -->
</testng-results>
