<?xml version="1.0" encoding="UTF-8"?>
<testng-results ignored="0" total="1" passed="1" failed="0" skipped="0">
  <reporter-output>
    <line>
      <![CDATA[testA..]]>
    </line>
  </reporter-output>
  <suite started-at="2023-06-15T07:08:59Z" name="Suite" finished-at="2023-06-15T07:08:59Z" duration-ms="35">
    <groups>
    </groups>
    <test started-at="2023-06-15T07:08:59Z" name="Test" finished-at="2023-06-15T07:08:59Z" duration-ms="35">
      <class name="day20.Demo1">
        <test-method signature="testA(java.lang.String)[pri:0, instance:day20.Demo1@5be49b60]" started-at="2023-06-15T07:08:59Z" name="testA" finished-at="2023-06-15T07:08:59Z" duration-ms="12" status="PASS">
          <params>
            <param index="0">
              <value>
                <![CDATA[pune]]>
              </value>
            </param>
          </params>
          <reporter-output>
            <line>
              <![CDATA[testA..]]>
            </line>
          </reporter-output>
        </test-method> <!-- testA -->
      </class> <!-- day20.Demo1 -->
    </test> <!-- Test -->
  </suite> <!-- Suite -->
</testng-results>
